0 info it worked if it ends with ok
1 verbose cli [ '/home/user2/.nvm/versions/node/v6.0.0/bin/node',
1 verbose cli   '/home/user2/.nvm/versions/node/v6.0.0/bin/npm',
1 verbose cli   'run',
1 verbose cli   'server' ]
2 info using npm@3.8.6
3 info using node@v6.0.0
4 verbose run-script [ 'preserver', 'server', 'postserver' ]
5 info lifecycle webgl@0.0.0~preserver: webgl@0.0.0
6 silly lifecycle webgl@0.0.0~preserver: no script for preserver, continuing
7 info lifecycle webgl@0.0.0~server: webgl@0.0.0
8 verbose lifecycle webgl@0.0.0~server: unsafe-perm in lifecycle true
9 verbose lifecycle webgl@0.0.0~server: PATH: /home/user2/.nvm/versions/node/v6.0.0/lib/node_modules/npm/bin/node-gyp-bin:/media/DATA/projects/webgl/node_modules/.bin:/home/user2/.nvm/versions/node/v6.0.0/bin:/home/user2/.nvm/versions/node/v6.0.0/bin:/usr/local/bin:/usr/bin:/bin:/usr/local/games:/usr/games
10 verbose lifecycle webgl@0.0.0~server: CWD: /media/DATA/projects/webgl
11 silly lifecycle webgl@0.0.0~server: Args: [ '-c', 'webpack-dev-server --content-base build/ --quiet' ]
12 silly lifecycle webgl@0.0.0~server: Returned: code: 1  signal: null
13 info lifecycle webgl@0.0.0~server: Failed to exec server script
14 verbose stack Error: webgl@0.0.0 server: `webpack-dev-server --content-base build/ --quiet`
14 verbose stack Exit status 1
14 verbose stack     at EventEmitter.<anonymous> (/home/user2/.nvm/versions/node/v6.0.0/lib/node_modules/npm/lib/utils/lifecycle.js:239:16)
14 verbose stack     at emitTwo (events.js:106:13)
14 verbose stack     at EventEmitter.emit (events.js:191:7)
14 verbose stack     at ChildProcess.<anonymous> (/home/user2/.nvm/versions/node/v6.0.0/lib/node_modules/npm/lib/utils/spawn.js:24:14)
14 verbose stack     at emitTwo (events.js:106:13)
14 verbose stack     at ChildProcess.emit (events.js:191:7)
14 verbose stack     at maybeClose (internal/child_process.js:850:16)
14 verbose stack     at Process.ChildProcess._handle.onexit (internal/child_process.js:215:5)
15 verbose pkgid webgl@0.0.0
16 verbose cwd /media/DATA/projects/webgl
17 error Linux 3.16.0-38-generic
18 error argv "/home/user2/.nvm/versions/node/v6.0.0/bin/node" "/home/user2/.nvm/versions/node/v6.0.0/bin/npm" "run" "server"
19 error node v6.0.0
20 error npm  v3.8.6
21 error code ELIFECYCLE
22 error webgl@0.0.0 server: `webpack-dev-server --content-base build/ --quiet`
22 error Exit status 1
23 error Failed at the webgl@0.0.0 server script 'webpack-dev-server --content-base build/ --quiet'.
23 error Make sure you have the latest version of node.js and npm installed.
23 error If you do, this is most likely a problem with the webgl package,
23 error not with npm itself.
23 error Tell the author that this fails on your system:
23 error     webpack-dev-server --content-base build/ --quiet
23 error You can get information on how to open an issue for this project with:
23 error     npm bugs webgl
23 error Or if that isn't available, you can get their info via:
23 error     npm owner ls webgl
23 error There is likely additional logging output above.
24 verbose exit [ 1, true ]
